Info: Starting: Create block symbol file (.bsf)
Info: qsys-generate C:\projetos-phi\PHI-ATIV-5-Nios-II-ADC-DE1-SoC\atividadeCinco.qsys --block-symbol-file --output-directory=C:\projetos-phi\PHI-ATIV-5-Nios-II-ADC-DE1-SoC\atividadeCinco --family="Cyclone V" --part=5CSEMA5F31C6
Progress: Loading PHI-ATIV-5-Nios-II-ADC-DE1-SoC/atividadeCinco.qsys
Progress: Reading input file
Progress: Adding clk_50 [clock_source 17.0]
Progress: Parameterizing module clk_50
Progress: Adding jtag_uart_0 [altera_avalon_jtag_uart 17.0]
Progress: Parameterizing module jtag_uart_0
Progress: Adding nios2_gen2_0 [altera_nios2_gen2 17.0]
Progress: Parameterizing module nios2_gen2_0
Progress: Adding onchip_memory2_0 [altera_avalon_onchip_memory2 17.0]
Progress: Parameterizing module onchip_memory2_0
Progress: Adding pio_0 [altera_avalon_pio 17.0]
Progress: Parameterizing module pio_0
Progress: Adding spi_0 [altera_avalon_spi 17.0]
Progress: Parameterizing module spi_0
Progress: Adding sysid_qsys_0 [altera_avalon_sysid_qsys 17.0]
Progress: Parameterizing module sysid_qsys_0
Progress: Adding timer_0 [altera_avalon_timer 17.0]
Progress: Parameterizing module timer_0
Progress: Building connections
Progress: Parameterizing connections
Progress: Validating
Progress: Done reading input file
Info: atividadeCinco.jtag_uart_0: JTAG UART IP input clock need to be at least double (2x) the operating frequency of JTAG TCK on board
Info: atividadeCinco.pio_0: PIO inputs are not hardwired in test bench. Undefined values will be read from PIO inputs during simulation.
Info: atividadeCinco.sysid_qsys_0: System ID is not assigned automatically. Edit the System ID parameter to provide a unique ID
Info: atividadeCinco.sysid_qsys_0: Time stamp will be automatically updated when this component is generated.
Info: qsys-generate succeeded.
Info: Finished: Create block symbol file (.bsf)
Info: 
Info: Starting: Create HDL design files for synthesis
Info: qsys-generate C:\projetos-phi\PHI-ATIV-5-Nios-II-ADC-DE1-SoC\atividadeCinco.qsys --synthesis=VHDL --output-directory=C:\projetos-phi\PHI-ATIV-5-Nios-II-ADC-DE1-SoC\atividadeCinco\synthesis --family="Cyclone V" --part=5CSEMA5F31C6
Progress: Loading PHI-ATIV-5-Nios-II-ADC-DE1-SoC/atividadeCinco.qsys
Progress: Reading input file
Progress: Adding clk_50 [clock_source 17.0]
Progress: Parameterizing module clk_50
Progress: Adding jtag_uart_0 [altera_avalon_jtag_uart 17.0]
Progress: Parameterizing module jtag_uart_0
Progress: Adding nios2_gen2_0 [altera_nios2_gen2 17.0]
Progress: Parameterizing module nios2_gen2_0
Progress: Adding onchip_memory2_0 [altera_avalon_onchip_memory2 17.0]
Progress: Parameterizing module onchip_memory2_0
Progress: Adding pio_0 [altera_avalon_pio 17.0]
Progress: Parameterizing module pio_0
Progress: Adding spi_0 [altera_avalon_spi 17.0]
Progress: Parameterizing module spi_0
Progress: Adding sysid_qsys_0 [altera_avalon_sysid_qsys 17.0]
Progress: Parameterizing module sysid_qsys_0
Progress: Adding timer_0 [altera_avalon_timer 17.0]
Progress: Parameterizing module timer_0
Progress: Building connections
Progress: Parameterizing connections
Progress: Validating
Progress: Done reading input file
Info: atividadeCinco.jtag_uart_0: JTAG UART IP input clock need to be at least double (2x) the operating frequency of JTAG TCK on board
Info: atividadeCinco.pio_0: PIO inputs are not hardwired in test bench. Undefined values will be read from PIO inputs during simulation.
Info: atividadeCinco.sysid_qsys_0: System ID is not assigned automatically. Edit the System ID parameter to provide a unique ID
Info: atividadeCinco.sysid_qsys_0: Time stamp will be automatically updated when this component is generated.
Info: atividadeCinco: Generating atividadeCinco "atividadeCinco" for QUARTUS_SYNTH
Info: jtag_uart_0: Starting RTL generation for module 'atividadeCinco_jtag_uart_0'
Info: jtag_uart_0:   Generation command is [exec C:/intelfpga_lite/17.0/quartus/bin64/perl/bin/perl.exe -I C:/intelfpga_lite/17.0/quartus/bin64/perl/lib -I C:/intelfpga_lite/17.0/quartus/sopc_builder/bin/europa -I C:/intelfpga_lite/17.0/quartus/sopc_builder/bin/perl_lib -I C:/intelfpga_lite/17.0/quartus/sopc_builder/bin -I C:/intelfpga_lite/17.0/quartus/../ip/altera/sopc_builder_ip/common -I C:/intelfpga_lite/17.0/quartus/../ip/altera/sopc_builder_ip/altera_avalon_jtag_uart -- C:/intelfpga_lite/17.0/quartus/../ip/altera/sopc_builder_ip/altera_avalon_jtag_uart/generate_rtl.pl --name=atividadeCinco_jtag_uart_0 --dir=C:/Users/lucas/AppData/Local/Temp/alt0027_9096337645193668727.dir/0001_jtag_uart_0_gen/ --quartus_dir=C:/intelfpga_lite/17.0/quartus --verilog --config=C:/Users/lucas/AppData/Local/Temp/alt0027_9096337645193668727.dir/0001_jtag_uart_0_gen//atividadeCinco_jtag_uart_0_component_configuration.pl  --do_build_sim=0  ]
Info: jtag_uart_0: Done RTL generation for module 'atividadeCinco_jtag_uart_0'
Info: jtag_uart_0: "atividadeCinco" instantiated altera_avalon_jtag_uart "jtag_uart_0"
Info: nios2_gen2_0: "atividadeCinco" instantiated altera_nios2_gen2 "nios2_gen2_0"
Info: onchip_memory2_0: Starting RTL generation for module 'atividadeCinco_onchip_memory2_0'
Info: onchip_memory2_0:   Generation command is [exec C:/intelfpga_lite/17.0/quartus/bin64/perl/bin/perl.exe -I C:/intelfpga_lite/17.0/quartus/bin64/perl/lib -I C:/intelfpga_lite/17.0/quartus/sopc_builder/bin/europa -I C:/intelfpga_lite/17.0/quartus/sopc_builder/bin/perl_lib -I C:/intelfpga_lite/17.0/quartus/sopc_builder/bin -I C:/intelfpga_lite/17.0/quartus/../ip/altera/sopc_builder_ip/common -I C:/intelfpga_lite/17.0/quartus/../ip/altera/sopc_builder_ip/altera_avalon_onchip_memory2 -- C:/intelfpga_lite/17.0/quartus/../ip/altera/sopc_builder_ip/altera_avalon_onchip_memory2/generate_rtl.pl --name=atividadeCinco_onchip_memory2_0 --dir=C:/Users/lucas/AppData/Local/Temp/alt0027_9096337645193668727.dir/0002_onchip_memory2_0_gen/ --quartus_dir=C:/intelfpga_lite/17.0/quartus --verilog --config=C:/Users/lucas/AppData/Local/Temp/alt0027_9096337645193668727.dir/0002_onchip_memory2_0_gen//atividadeCinco_onchip_memory2_0_component_configuration.pl  --do_build_sim=0  ]
Info: onchip_memory2_0: Done RTL generation for module 'atividadeCinco_onchip_memory2_0'
Info: onchip_memory2_0: "atividadeCinco" instantiated altera_avalon_onchip_memory2 "onchip_memory2_0"
Info: pio_0: Starting RTL generation for module 'atividadeCinco_pio_0'
Info: pio_0:   Generation command is [exec C:/intelfpga_lite/17.0/quartus/bin64/perl/bin/perl.exe -I C:/intelfpga_lite/17.0/quartus/bin64/perl/lib -I C:/intelfpga_lite/17.0/quartus/sopc_builder/bin/europa -I C:/intelfpga_lite/17.0/quartus/sopc_builder/bin/perl_lib -I C:/intelfpga_lite/17.0/quartus/sopc_builder/bin -I C:/intelfpga_lite/17.0/quartus/../ip/altera/sopc_builder_ip/common -I C:/intelfpga_lite/17.0/quartus/../ip/altera/sopc_builder_ip/altera_avalon_pio -- C:/intelfpga_lite/17.0/quartus/../ip/altera/sopc_builder_ip/altera_avalon_pio/generate_rtl.pl --name=atividadeCinco_pio_0 --dir=C:/Users/lucas/AppData/Local/Temp/alt0027_9096337645193668727.dir/0003_pio_0_gen/ --quartus_dir=C:/intelfpga_lite/17.0/quartus --verilog --config=C:/Users/lucas/AppData/Local/Temp/alt0027_9096337645193668727.dir/0003_pio_0_gen//atividadeCinco_pio_0_component_configuration.pl  --do_build_sim=0  ]
Info: pio_0: Done RTL generation for module 'atividadeCinco_pio_0'
Info: pio_0: "atividadeCinco" instantiated altera_avalon_pio "pio_0"
Info: spi_0: Starting RTL generation for module 'atividadeCinco_spi_0'
Info: spi_0:   Generation command is [exec C:/intelfpga_lite/17.0/quartus/bin64/perl/bin/perl.exe -I C:/intelfpga_lite/17.0/quartus/bin64/perl/lib -I C:/intelfpga_lite/17.0/quartus/sopc_builder/bin/europa -I C:/intelfpga_lite/17.0/quartus/sopc_builder/bin/perl_lib -I C:/intelfpga_lite/17.0/quartus/sopc_builder/bin -I C:/intelfpga_lite/17.0/quartus/../ip/altera/sopc_builder_ip/common -I C:/intelfpga_lite/17.0/quartus/../ip/altera/sopc_builder_ip/altera_avalon_spi -- C:/intelfpga_lite/17.0/quartus/../ip/altera/sopc_builder_ip/altera_avalon_spi/generate_rtl.pl --name=atividadeCinco_spi_0 --dir=C:/Users/lucas/AppData/Local/Temp/alt0027_9096337645193668727.dir/0004_spi_0_gen/ --quartus_dir=C:/intelfpga_lite/17.0/quartus --verilog --config=C:/Users/lucas/AppData/Local/Temp/alt0027_9096337645193668727.dir/0004_spi_0_gen//atividadeCinco_spi_0_component_configuration.pl  --do_build_sim=0  ]
Info: spi_0: Done RTL generation for module 'atividadeCinco_spi_0'
Info: spi_0: "atividadeCinco" instantiated altera_avalon_spi "spi_0"
Info: sysid_qsys_0: "atividadeCinco" instantiated altera_avalon_sysid_qsys "sysid_qsys_0"
Info: timer_0: Starting RTL generation for module 'atividadeCinco_timer_0'
Info: timer_0:   Generation command is [exec C:/intelFPGA_lite/17.0/quartus/bin64//perl/bin/perl.exe -I C:/intelFPGA_lite/17.0/quartus/bin64//perl/lib -I C:/intelfpga_lite/17.0/quartus/sopc_builder/bin/europa -I C:/intelfpga_lite/17.0/quartus/sopc_builder/bin/perl_lib -I C:/intelfpga_lite/17.0/quartus/sopc_builder/bin -I C:/intelfpga_lite/17.0/quartus/../ip/altera/sopc_builder_ip/common -I C:/intelfpga_lite/17.0/quartus/../ip/altera/sopc_builder_ip/altera_avalon_timer -- C:/intelfpga_lite/17.0/quartus/../ip/altera/sopc_builder_ip/altera_avalon_timer/generate_rtl.pl --name=atividadeCinco_timer_0 --dir=C:/Users/lucas/AppData/Local/Temp/alt0027_9096337645193668727.dir/0006_timer_0_gen/ --quartus_dir=C:/intelfpga_lite/17.0/quartus --verilog --config=C:/Users/lucas/AppData/Local/Temp/alt0027_9096337645193668727.dir/0006_timer_0_gen//atividadeCinco_timer_0_component_configuration.pl  --do_build_sim=0  ]
Info: timer_0: Done RTL generation for module 'atividadeCinco_timer_0'
Info: timer_0: "atividadeCinco" instantiated altera_avalon_timer "timer_0"
Info: avalon_st_adapter: Inserting error_adapter: error_adapter_0
Info: avalon_st_adapter_001: Inserting error_adapter: error_adapter_0
Info: avalon_st_adapter_002: Inserting error_adapter: error_adapter_0
Info: avalon_st_adapter_003: Inserting error_adapter: error_adapter_0
Info: avalon_st_adapter_004: Inserting error_adapter: error_adapter_0
Info: avalon_st_adapter_005: Inserting error_adapter: error_adapter_0
Info: avalon_st_adapter_006: Inserting error_adapter: error_adapter_0
Info: mm_interconnect_0: "atividadeCinco" instantiated altera_mm_interconnect "mm_interconnect_0"
Info: irq_mapper: "atividadeCinco" instantiated altera_irq_mapper "irq_mapper"
Info: rst_controller: "atividadeCinco" instantiated altera_reset_controller "rst_controller"
Info: cpu: Starting RTL generation for module 'atividadeCinco_nios2_gen2_0_cpu'
Info: cpu:   Generation command is [exec C:/intelFPGA_lite/17.0/quartus/bin64//eperlcmd.exe -I C:/intelFPGA_lite/17.0/quartus/bin64//perl/lib -I C:/intelfpga_lite/17.0/quartus/sopc_builder/bin/europa -I C:/intelfpga_lite/17.0/quartus/sopc_builder/bin/perl_lib -I C:/intelfpga_lite/17.0/quartus/sopc_builder/bin -I C:/intelfpga_lite/17.0/quartus/../ip/altera/nios2_ip/altera_nios2_gen2/cpu_lib -I C:/intelfpga_lite/17.0/quartus/../ip/altera/nios2_ip/altera_nios2_gen2/nios_lib -I C:/intelfpga_lite/17.0/quartus/../ip/altera/nios2_ip/altera_nios2_gen2 -I C:/intelfpga_lite/17.0/quartus/../ip/altera/nios2_ip/altera_nios2_gen2 -- C:/intelfpga_lite/17.0/quartus/../ip/altera/nios2_ip/altera_nios2_gen2/generate_rtl.epl --name=atividadeCinco_nios2_gen2_0_cpu --dir=C:/Users/lucas/AppData/Local/Temp/alt0027_9096337645193668727.dir/0009_cpu_gen/ --quartus_bindir=C:/intelFPGA_lite/17.0/quartus/bin64/ --verilog --config=C:/Users/lucas/AppData/Local/Temp/alt0027_9096337645193668727.dir/0009_cpu_gen//atividadeCinco_nios2_gen2_0_cpu_processor_configuration.pl  --do_build_sim=0  ]
Info: cpu: # 2024.10.31 16:17:22 (*) Starting Nios II generation
Info: cpu: # 2024.10.31 16:17:22 (*)   Checking for plaintext license.
Info: cpu: # 2024.10.31 16:17:24 (*)   Couldn't query license setup in Quartus directory C:/intelFPGA_lite/17.0/quartus/bin64/
Info: cpu: # 2024.10.31 16:17:24 (*)   Defaulting to contents of LM_LICENSE_FILE environment variable
Info: cpu: # 2024.10.31 16:17:24 (*)   LM_LICENSE_FILE environment variable is empty
Info: cpu: # 2024.10.31 16:17:24 (*)   Plaintext license not found.
Info: cpu: # 2024.10.31 16:17:24 (*)   No license required to generate encrypted Nios II/e.
Info: cpu: # 2024.10.31 16:17:24 (*)   Elaborating CPU configuration settings
Info: cpu: # 2024.10.31 16:17:24 (*)   Creating all objects for CPU
Info: cpu: # 2024.10.31 16:17:25 (*)   Generating RTL from CPU objects
Info: cpu: # 2024.10.31 16:17:25 (*)   Creating plain-text RTL
Info: cpu: # 2024.10.31 16:17:25 (*) Done Nios II generation
Info: cpu: Done RTL generation for module 'atividadeCinco_nios2_gen2_0_cpu'
Info: cpu: "nios2_gen2_0" instantiated altera_nios2_gen2_unit "cpu"
Info: nios2_gen2_0_data_master_translator: "mm_interconnect_0" instantiated altera_merlin_master_translator "nios2_gen2_0_data_master_translator"
Info: jtag_uart_0_avalon_jtag_slave_translator: "mm_interconnect_0" instantiated altera_merlin_slave_translator "jtag_uart_0_avalon_jtag_slave_translator"
Info: nios2_gen2_0_data_master_agent: "mm_interconnect_0" instantiated altera_merlin_master_agent "nios2_gen2_0_data_master_agent"
Info: jtag_uart_0_avalon_jtag_slave_agent: "mm_interconnect_0" instantiated altera_merlin_slave_agent "jtag_uart_0_avalon_jtag_slave_agent"
Info: jtag_uart_0_avalon_jtag_slave_agent_rsp_fifo: "mm_interconnect_0" instantiated altera_avalon_sc_fifo "jtag_uart_0_avalon_jtag_slave_agent_rsp_fifo"
Info: router: "mm_interconnect_0" instantiated altera_merlin_router "router"
Info: router_001: "mm_interconnect_0" instantiated altera_merlin_router "router_001"
Info: router_002: "mm_interconnect_0" instantiated altera_merlin_router "router_002"
Info: router_004: "mm_interconnect_0" instantiated altera_merlin_router "router_004"
Info: cmd_demux: "mm_interconnect_0" instantiated altera_merlin_demultiplexer "cmd_demux"
Info: cmd_demux_001: "mm_interconnect_0" instantiated altera_merlin_demultiplexer "cmd_demux_001"
Info: cmd_mux: "mm_interconnect_0" instantiated altera_merlin_multiplexer "cmd_mux"
Info: cmd_mux_002: "mm_interconnect_0" instantiated altera_merlin_multiplexer "cmd_mux_002"
Info: Reusing file C:/projetos-phi/PHI-ATIV-5-Nios-II-ADC-DE1-SoC/atividadeCinco/synthesis/submodules/altera_merlin_arbitrator.sv
Info: rsp_demux: "mm_interconnect_0" instantiated altera_merlin_demultiplexer "rsp_demux"
Info: rsp_mux: "mm_interconnect_0" instantiated altera_merlin_multiplexer "rsp_mux"
Info: Reusing file C:/projetos-phi/PHI-ATIV-5-Nios-II-ADC-DE1-SoC/atividadeCinco/synthesis/submodules/altera_merlin_arbitrator.sv
Info: rsp_mux_001: "mm_interconnect_0" instantiated altera_merlin_multiplexer "rsp_mux_001"
Info: Reusing file C:/projetos-phi/PHI-ATIV-5-Nios-II-ADC-DE1-SoC/atividadeCinco/synthesis/submodules/altera_merlin_arbitrator.sv
Info: avalon_st_adapter: "mm_interconnect_0" instantiated altera_avalon_st_adapter "avalon_st_adapter"
Info: error_adapter_0: "avalon_st_adapter" instantiated error_adapter "error_adapter_0"
Info: atividadeCinco: Done "atividadeCinco" with 30 modules, 45 files
Info: qsys-generate succeeded.
Info: Finished: Create HDL design files for synthesis
